{"/app/components/ClockDisplay/ClockDisplay.js": {"path":"/app/components/ClockDisplay/ClockDisplay.js","statementMap":{"0":{"start":{"line":8,"column":8},"end":{"line":12,"column":10}},"1":{"start":{"line":16,"column":8},"end":{"line":20,"column":10}},"2":{"start":{"line":23,"column":4},"end":{"line":28,"column":6}},"3":{"start":{"line":31,"column":15},"end":{"line":37,"column":2}},"4":{"start":{"line":39,"column":0},"end":{"line":50,"column":1}}},"fnMap":{"0":{"name":"ClockDisplay","decl":{"start":{"line":6,"column":16},"end":{"line":6,"column":28}},"loc":{"start":{"line":6,"column":36},"end":{"line":29,"column":1}},"line":6},"1":{"name":"dateStyle","decl":{"start":{"line":7,"column":13},"end":{"line":7,"column":22}},"loc":{"start":{"line":7,"column":25},"end":{"line":13,"column":5}},"line":7},"2":{"name":"timeStyle","decl":{"start":{"line":15,"column":13},"end":{"line":15,"column":22}},"loc":{"start":{"line":15,"column":25},"end":{"line":21,"column":5}},"line":15}},"branchMap":{},"s":{"0":2,"1":2,"2":2,"3":1,"4":1},"f":{"0":2,"1":2,"2":2},"b":{},"_coverageSchema":"1a1c01bbd47fc00a2c39e90264f33305004495a9","hash":"d9644e351d830144f93572b03ddfd298549ffb9a"}
,"/app/components/CustomColorPicker/CustomColorPicker.js": {"path":"/app/components/CustomColorPicker/CustomColorPicker.js","statementMap":{"0":{"start":{"line":8,"column":44},"end":{"line":8,"column":59}},"1":{"start":{"line":10,"column":4},"end":{"line":43,"column":6}},"2":{"start":{"line":17,"column":20},"end":{"line":17,"column":43}},"3":{"start":{"line":23,"column":24},"end":{"line":23,"column":64}},"4":{"start":{"line":24,"column":24},"end":{"line":24,"column":46}},"5":{"start":{"line":25,"column":24},"end":{"line":25,"column":47}},"6":{"start":{"line":32,"column":24},"end":{"line":32,"column":47}},"7":{"start":{"line":39,"column":20},"end":{"line":39,"column":42}},"8":{"start":{"line":46,"column":15},"end":{"line":54,"column":2}},"9":{"start":{"line":56,"column":0},"end":{"line":59,"column":1}}},"fnMap":{"0":{"name":"CustomColorPicker","decl":{"start":{"line":7,"column":16},"end":{"line":7,"column":33}},"loc":{"start":{"line":7,"column":41},"end":{"line":44,"column":1}},"line":7},"1":{"name":"(anonymous_1)","decl":{"start":{"line":16,"column":32},"end":{"line":16,"column":33}},"loc":{"start":{"line":16,"column":38},"end":{"line":18,"column":17}},"line":16},"2":{"name":"(anonymous_2)","decl":{"start":{"line":22,"column":37},"end":{"line":22,"column":38}},"loc":{"start":{"line":22,"column":48},"end":{"line":26,"column":21}},"line":22},"3":{"name":"(anonymous_3)","decl":{"start":{"line":31,"column":29},"end":{"line":31,"column":30}},"loc":{"start":{"line":31,"column":35},"end":{"line":33,"column":21}},"line":31},"4":{"name":"(anonymous_4)","decl":{"start":{"line":38,"column":25},"end":{"line":38,"column":26}},"loc":{"start":{"line":38,"column":31},"end":{"line":40,"column":17}},"line":38}},"branchMap":{},"s":{"0":5,"1":5,"2":0,"3":1,"4":1,"5":1,"6":0,"7":1,"8":1,"9":1},"f":{"0":5,"1":0,"2":1,"3":0,"4":1},"b":{},"_coverageSchema":"1a1c01bbd47fc00a2c39e90264f33305004495a9","hash":"17f0d29a0d9dac6624e56a1a51853bd434f53672"}
,"/app/components/CustomSearchFlatList/CustomSearchFlatList.js": {"path":"/app/components/CustomSearchFlatList/CustomSearchFlatList.js","statementMap":{"0":{"start":{"line":6,"column":22},"end":{"line":6,"column":49}},"1":{"start":{"line":8,"column":28},"end":{"line":8,"column":47}},"2":{"start":{"line":9,"column":40},"end":{"line":9,"column":52}},"3":{"start":{"line":10,"column":44},"end":{"line":10,"column":59}},"4":{"start":{"line":13,"column":23},"end":{"line":21,"column":5}},"5":{"start":{"line":14,"column":24},"end":{"line":18,"column":10}},"6":{"start":{"line":15,"column":29},"end":{"line":15,"column":53}},"7":{"start":{"line":16,"column":29},"end":{"line":16,"column":47}},"8":{"start":{"line":17,"column":12},"end":{"line":17,"column":51}},"9":{"start":{"line":19,"column":8},"end":{"line":19,"column":25}},"10":{"start":{"line":20,"column":8},"end":{"line":20,"column":28}},"11":{"start":{"line":22,"column":18},"end":{"line":25,"column":5}},"12":{"start":{"line":23,"column":8},"end":{"line":23,"column":27}},"13":{"start":{"line":24,"column":8},"end":{"line":24,"column":26}},"14":{"start":{"line":27,"column":26},"end":{"line":33,"column":5}},"15":{"start":{"line":28,"column":8},"end":{"line":32,"column":10}},"16":{"start":{"line":35,"column":4},"end":{"line":80,"column":6}},"17":{"start":{"line":42,"column":20},"end":{"line":42,"column":43}},"18":{"start":{"line":46,"column":44},"end":{"line":46,"column":60}},"19":{"start":{"line":53,"column":51},"end":{"line":53,"column":67}},"20":{"start":{"line":56,"column":24},"end":{"line":64,"column":31}},"21":{"start":{"line":58,"column":28},"end":{"line":58,"column":56}},"22":{"start":{"line":59,"column":28},"end":{"line":59,"column":77}},"23":{"start":{"line":60,"column":28},"end":{"line":60,"column":36}},"24":{"start":{"line":61,"column":28},"end":{"line":61,"column":51}},"25":{"start":{"line":69,"column":24},"end":{"line":69,"column":47}},"26":{"start":{"line":76,"column":20},"end":{"line":76,"column":42}},"27":{"start":{"line":83,"column":15},"end":{"line":100,"column":2}},"28":{"start":{"line":101,"column":0},"end":{"line":104,"column":1}}},"fnMap":{"0":{"name":"CustomSearchFlatList","decl":{"start":{"line":5,"column":16},"end":{"line":5,"column":36}},"loc":{"start":{"line":5,"column":44},"end":{"line":81,"column":1}},"line":5},"1":{"name":"(anonymous_1)","decl":{"start":{"line":13,"column":23},"end":{"line":13,"column":24}},"loc":{"start":{"line":13,"column":33},"end":{"line":21,"column":5}},"line":13},"2":{"name":"(anonymous_2)","decl":{"start":{"line":14,"column":41},"end":{"line":14,"column":42}},"loc":{"start":{"line":14,"column":51},"end":{"line":18,"column":9}},"line":14},"3":{"name":"(anonymous_3)","decl":{"start":{"line":22,"column":18},"end":{"line":22,"column":19}},"loc":{"start":{"line":22,"column":24},"end":{"line":25,"column":5}},"line":22},"4":{"name":"(anonymous_4)","decl":{"start":{"line":27,"column":26},"end":{"line":27,"column":27}},"loc":{"start":{"line":27,"column":32},"end":{"line":33,"column":5}},"line":27},"5":{"name":"(anonymous_5)","decl":{"start":{"line":41,"column":32},"end":{"line":41,"column":33}},"loc":{"start":{"line":41,"column":38},"end":{"line":43,"column":17}},"line":41},"6":{"name":"(anonymous_6)","decl":{"start":{"line":46,"column":34},"end":{"line":46,"column":35}},"loc":{"start":{"line":46,"column":44},"end":{"line":46,"column":60}},"line":46},"7":{"name":"(anonymous_7)","decl":{"start":{"line":53,"column":34},"end":{"line":53,"column":35}},"loc":{"start":{"line":53,"column":51},"end":{"line":53,"column":67}},"line":53},"8":{"name":"(anonymous_8)","decl":{"start":{"line":55,"column":32},"end":{"line":55,"column":33}},"loc":{"start":{"line":56,"column":24},"end":{"line":64,"column":31}},"line":56},"9":{"name":"(anonymous_9)","decl":{"start":{"line":57,"column":56},"end":{"line":57,"column":57}},"loc":{"start":{"line":57,"column":62},"end":{"line":62,"column":25}},"line":57},"10":{"name":"(anonymous_10)","decl":{"start":{"line":68,"column":29},"end":{"line":68,"column":30}},"loc":{"start":{"line":68,"column":35},"end":{"line":70,"column":21}},"line":68},"11":{"name":"(anonymous_11)","decl":{"start":{"line":75,"column":25},"end":{"line":75,"column":26}},"loc":{"start":{"line":75,"column":31},"end":{"line":77,"column":17}},"line":75}},"branchMap":{},"s":{"0":6,"1":6,"2":6,"3":6,"4":6,"5":1,"6":106,"7":106,"8":106,"9":1,"10":1,"11":6,"12":1,"13":1,"14":6,"15":11,"16":6,"17":0,"18":1,"19":16,"20":12,"21":1,"22":1,"23":1,"24":1,"25":0,"26":1,"27":1,"28":1},"f":{"0":6,"1":1,"2":106,"3":1,"4":11,"5":0,"6":1,"7":16,"8":12,"9":1,"10":0,"11":1},"b":{},"_coverageSchema":"1a1c01bbd47fc00a2c39e90264f33305004495a9","hash":"16b31cab534daecc4a497eeec865b5a38a9435b7"}
,"/app/components/FontPicker/FontPicker.js": {"path":"/app/components/FontPicker/FontPicker.js","statementMap":{"0":{"start":{"line":8,"column":8},"end":{"line":8,"column":29}},"1":{"start":{"line":12,"column":8},"end":{"line":14,"column":12}},"2":{"start":{"line":13,"column":12},"end":{"line":13,"column":64}},"3":{"start":{"line":17,"column":4},"end":{"line":29,"column":6}},"4":{"start":{"line":24,"column":20},"end":{"line":24,"column":39}},"5":{"start":{"line":32,"column":15},"end":{"line":37,"column":2}},"6":{"start":{"line":39,"column":0},"end":{"line":44,"column":1}}},"fnMap":{"0":{"name":"FontPicker","decl":{"start":{"line":6,"column":16},"end":{"line":6,"column":26}},"loc":{"start":{"line":6,"column":34},"end":{"line":30,"column":1}},"line":6},"1":{"name":"changeValue","decl":{"start":{"line":7,"column":13},"end":{"line":7,"column":24}},"loc":{"start":{"line":7,"column":31},"end":{"line":9,"column":5}},"line":7},"2":{"name":"pickerList","decl":{"start":{"line":11,"column":13},"end":{"line":11,"column":23}},"loc":{"start":{"line":11,"column":26},"end":{"line":15,"column":5}},"line":11},"3":{"name":"(anonymous_3)","decl":{"start":{"line":12,"column":32},"end":{"line":12,"column":33}},"loc":{"start":{"line":12,"column":42},"end":{"line":14,"column":9}},"line":12},"4":{"name":"(anonymous_4)","decl":{"start":{"line":23,"column":31},"end":{"line":23,"column":32}},"loc":{"start":{"line":23,"column":42},"end":{"line":25,"column":17}},"line":23}},"branchMap":{},"s":{"0":1,"1":3,"2":6,"3":3,"4":1,"5":1,"6":1},"f":{"0":3,"1":1,"2":3,"3":6,"4":1},"b":{},"_coverageSchema":"1a1c01bbd47fc00a2c39e90264f33305004495a9","hash":"67ad260ca92f0ee6e1c684e79894eff7e0f081d9"}
,"/app/components/HighLowButton/HighLowButton.js": {"path":"/app/components/HighLowButton/HighLowButton.js","statementMap":{"0":{"start":{"line":7,"column":8},"end":{"line":7,"column":40}},"1":{"start":{"line":11,"column":8},"end":{"line":11,"column":40}},"2":{"start":{"line":14,"column":4},"end":{"line":33,"column":6}},"3":{"start":{"line":22,"column":24},"end":{"line":22,"column":35}},"4":{"start":{"line":29,"column":20},"end":{"line":29,"column":31}},"5":{"start":{"line":36,"column":15},"end":{"line":43,"column":2}},"6":{"start":{"line":45,"column":0},"end":{"line":49,"column":1}}},"fnMap":{"0":{"name":"HighLowButton","decl":{"start":{"line":5,"column":16},"end":{"line":5,"column":29}},"loc":{"start":{"line":5,"column":37},"end":{"line":34,"column":1}},"line":5},"1":{"name":"increase","decl":{"start":{"line":6,"column":13},"end":{"line":6,"column":21}},"loc":{"start":{"line":6,"column":24},"end":{"line":8,"column":5}},"line":6},"2":{"name":"decrease","decl":{"start":{"line":10,"column":13},"end":{"line":10,"column":21}},"loc":{"start":{"line":10,"column":24},"end":{"line":12,"column":5}},"line":10},"3":{"name":"(anonymous_3)","decl":{"start":{"line":21,"column":29},"end":{"line":21,"column":30}},"loc":{"start":{"line":21,"column":35},"end":{"line":23,"column":21}},"line":21},"4":{"name":"(anonymous_4)","decl":{"start":{"line":28,"column":51},"end":{"line":28,"column":52}},"loc":{"start":{"line":28,"column":57},"end":{"line":30,"column":17}},"line":28}},"branchMap":{},"s":{"0":1,"1":1,"2":3,"3":1,"4":1,"5":1,"6":1},"f":{"0":3,"1":1,"2":1,"3":1,"4":1},"b":{},"_coverageSchema":"1a1c01bbd47fc00a2c39e90264f33305004495a9","hash":"75951042bb0a0564abaebf040849a04697337940"}
,"/app/components/InputFormat/InputFormat.js": {"path":"/app/components/InputFormat/InputFormat.js","statementMap":{"0":{"start":{"line":7,"column":8},"end":{"line":7,"column":29}},"1":{"start":{"line":10,"column":4},"end":{"line":22,"column":6}},"2":{"start":{"line":13,"column":31},"end":{"line":13,"column":89}},"3":{"start":{"line":18,"column":40},"end":{"line":18,"column":56}},"4":{"start":{"line":25,"column":15},"end":{"line":29,"column":2}},"5":{"start":{"line":31,"column":0},"end":{"line":35,"column":1}}},"fnMap":{"0":{"name":"InputFormat","decl":{"start":{"line":5,"column":16},"end":{"line":5,"column":27}},"loc":{"start":{"line":5,"column":35},"end":{"line":23,"column":1}},"line":5},"1":{"name":"changeText","decl":{"start":{"line":6,"column":13},"end":{"line":6,"column":23}},"loc":{"start":{"line":6,"column":30},"end":{"line":8,"column":5}},"line":6},"2":{"name":"(anonymous_2)","decl":{"start":{"line":13,"column":25},"end":{"line":13,"column":26}},"loc":{"start":{"line":13,"column":31},"end":{"line":13,"column":89}},"line":13},"3":{"name":"(anonymous_3)","decl":{"start":{"line":18,"column":30},"end":{"line":18,"column":31}},"loc":{"start":{"line":18,"column":40},"end":{"line":18,"column":56}},"line":18}},"branchMap":{},"s":{"0":1,"1":3,"2":0,"3":1,"4":1,"5":1},"f":{"0":3,"1":1,"2":0,"3":1},"b":{},"_coverageSchema":"1a1c01bbd47fc00a2c39e90264f33305004495a9","hash":"8fe562e41e0b9d13c5c04ee1d912b22bf2cd36fa"}
}
