TN:
SF:components/ClockDisplay/ClockDisplay.js
FN:6,ClockDisplay
FN:7,dateStyle
FN:15,timeStyle
FNF:3
FNH:3
FNDA:2,ClockDisplay
FNDA:2,dateStyle
FNDA:2,timeStyle
DA:8,2
DA:16,2
DA:23,2
DA:31,1
DA:39,1
LF:5
LH:5
BRF:0
BRH:0
end_of_record
TN:
SF:components/CustomColorPicker/CustomColorPicker.js
FN:7,CustomColorPicker
FN:16,(anonymous_1)
FN:22,(anonymous_2)
FN:31,(anonymous_3)
FN:38,(anonymous_4)
FNF:5
FNH:3
FNDA:5,CustomColorPicker
FNDA:0,(anonymous_1)
FNDA:1,(anonymous_2)
FNDA:0,(anonymous_3)
FNDA:1,(anonymous_4)
DA:8,5
DA:10,5
DA:17,0
DA:23,1
DA:24,1
DA:25,1
DA:32,0
DA:39,1
DA:46,1
DA:56,1
LF:10
LH:8
BRF:0
BRH:0
end_of_record
TN:
SF:components/CustomSearchFlatList/CustomSearchFlatList.js
FN:5,CustomSearchFlatList
FN:13,(anonymous_1)
FN:14,(anonymous_2)
FN:22,(anonymous_3)
FN:27,(anonymous_4)
FN:41,(anonymous_5)
FN:46,(anonymous_6)
FN:53,(anonymous_7)
FN:55,(anonymous_8)
FN:57,(anonymous_9)
FN:68,(anonymous_10)
FN:75,(anonymous_11)
FNF:12
FNH:10
FNDA:6,CustomSearchFlatList
FNDA:1,(anonymous_1)
FNDA:106,(anonymous_2)
FNDA:1,(anonymous_3)
FNDA:11,(anonymous_4)
FNDA:0,(anonymous_5)
FNDA:1,(anonymous_6)
FNDA:16,(anonymous_7)
FNDA:12,(anonymous_8)
FNDA:1,(anonymous_9)
FNDA:0,(anonymous_10)
FNDA:1,(anonymous_11)
DA:6,6
DA:8,6
DA:9,6
DA:10,6
DA:13,6
DA:14,1
DA:15,106
DA:16,106
DA:17,106
DA:19,1
DA:20,1
DA:22,6
DA:23,1
DA:24,1
DA:27,6
DA:28,11
DA:35,6
DA:42,0
DA:46,1
DA:53,16
DA:56,12
DA:58,1
DA:59,1
DA:60,1
DA:61,1
DA:69,0
DA:76,1
DA:83,1
DA:101,1
LF:29
LH:27
BRF:0
BRH:0
end_of_record
TN:
SF:components/FontPicker/FontPicker.js
FN:6,FontPicker
FN:7,changeValue
FN:11,pickerList
FN:12,(anonymous_3)
FN:23,(anonymous_4)
FNF:5
FNH:5
FNDA:3,FontPicker
FNDA:1,changeValue
FNDA:3,pickerList
FNDA:6,(anonymous_3)
FNDA:1,(anonymous_4)
DA:8,1
DA:12,3
DA:13,6
DA:17,3
DA:24,1
DA:32,1
DA:39,1
LF:7
LH:7
BRF:0
BRH:0
end_of_record
TN:
SF:components/HighLowButton/HighLowButton.js
FN:5,HighLowButton
FN:6,increase
FN:10,decrease
FN:21,(anonymous_3)
FN:28,(anonymous_4)
FNF:5
FNH:5
FNDA:3,HighLowButton
FNDA:1,increase
FNDA:1,decrease
FNDA:1,(anonymous_3)
FNDA:1,(anonymous_4)
DA:7,1
DA:11,1
DA:14,3
DA:22,1
DA:29,1
DA:36,1
DA:45,1
LF:7
LH:7
BRF:0
BRH:0
end_of_record
TN:
SF:components/InputFormat/InputFormat.js
FN:5,InputFormat
FN:6,changeText
FN:13,(anonymous_2)
FN:18,(anonymous_3)
FNF:4
FNH:3
FNDA:3,InputFormat
FNDA:1,changeText
FNDA:0,(anonymous_2)
FNDA:1,(anonymous_3)
DA:7,1
DA:10,3
DA:13,0
DA:18,1
DA:25,1
DA:31,1
LF:6
LH:5
BRF:0
BRH:0
end_of_record
